<?xml version="1.0" encoding="UTF-8"?>
<testng-results ignored="0" total="1" passed="1" failed="0" skipped="0">
  <reporter-output>
  </reporter-output>
  <suite started-at="2021-01-29T09:29:34Z" name="Default suite" finished-at="2021-01-29T09:29:43Z" duration-ms="8543">
    <groups>
    </groups>
    <test started-at="2021-01-29T09:29:34Z" name="Default test" finished-at="2021-01-29T09:29:43Z" duration-ms="8543">
      <class name="tc.tchomepage4">
        <test-method signature="login4()[pri:0, instance:tc.tchomepage4@73ee04c8]" started-at="2021-01-29T09:29:34Z" name="login4" finished-at="2021-01-29T09:29:43Z" duration-ms="8493" status="PASS">
          <reporter-output>
          </reporter-output>
        </test-method> <!-- login4 -->
      </class> <!-- tc.tchomepage4 -->
    </test> <!-- Default test -->
  </suite> <!-- Default suite -->
</testng-results>
